2023-08-09 15:55:38,545 ERROR: Error: OpenCV(4.7.0) D:\a\opencv-python\opencv-python\opencv\modules\imgproc\src\color.cpp:182: error: (-215:Assertion failed) !_src.empty() in function 'cv::cvtColor'
Traceback (most recent call last):
  File "c:\Users\Asc-user\Documents\YOLO\Y562_2PLCM\Qr代刚_0809\Y562_cam1.py", line 80, in startrun
    raw_list, image_list = steel_detect_1(frame)
                           ^^^^^^^^^^^^^^^^^^^^^
  File "c:\Users\Asc-user\Documents\YOLO\Y562_2PLCM\Qr代刚_0809\steel_rotate180.py", line 61, in steel_detect_1
    text, image_ = sid_detect(ro90)
                   ^^^^^^^^^^^^^^^^
  File "c:\Users\Asc-user\Documents\YOLO\Y562_2PLCM\Qr代刚_0809\sid_cam1.py", line 52, in sid_detect
    detections, width_ratio, height_ratio = darknet_helper(image, 352, 160)
                                            ^^^^^^^^^^^^^^^^^^^^^^^^^^^^^^^
  File "c:\Users\Asc-user\Documents\YOLO\Y562_2PLCM\Qr代刚_0809\sid_cam1.py", line 13, in darknet_helper
    img_rgb = cv2.cvtColor(image, cv2.COLOR_BGR2RGB)
              ^^^^^^^^^^^^^^^^^^^^^^^^^^^^^^^^^^^^^^
cv2.error: OpenCV(4.7.0) D:\a\opencv-python\opencv-python\opencv\modules\imgproc\src\color.cpp:182: error: (-215:Assertion failed) !_src.empty() in function 'cv::cvtColor'

2023-08-09 15:55:38,614 ERROR: Error: OpenCV(4.7.0) D:\a\opencv-python\opencv-python\opencv\modules\imgproc\src\color.cpp:182: error: (-215:Assertion failed) !_src.empty() in function 'cv::cvtColor'
Traceback (most recent call last):
  File "c:\Users\Asc-user\Documents\YOLO\Y562_2PLCM\Qr代刚_0809\Y562_cam1.py", line 80, in startrun
    raw_list, image_list = steel_detect_1(frame)
                           ^^^^^^^^^^^^^^^^^^^^^
  File "c:\Users\Asc-user\Documents\YOLO\Y562_2PLCM\Qr代刚_0809\steel_rotate180.py", line 61, in steel_detect_1
    text, image_ = sid_detect(ro90)
                   ^^^^^^^^^^^^^^^^
  File "c:\Users\Asc-user\Documents\YOLO\Y562_2PLCM\Qr代刚_0809\sid_cam1.py", line 52, in sid_detect
    detections, width_ratio, height_ratio = darknet_helper(image, 352, 160)
                                            ^^^^^^^^^^^^^^^^^^^^^^^^^^^^^^^
  File "c:\Users\Asc-user\Documents\YOLO\Y562_2PLCM\Qr代刚_0809\sid_cam1.py", line 13, in darknet_helper
    img_rgb = cv2.cvtColor(image, cv2.COLOR_BGR2RGB)
              ^^^^^^^^^^^^^^^^^^^^^^^^^^^^^^^^^^^^^^
cv2.error: OpenCV(4.7.0) D:\a\opencv-python\opencv-python\opencv\modules\imgproc\src\color.cpp:182: error: (-215:Assertion failed) !_src.empty() in function 'cv::cvtColor'

2023-08-09 15:55:38,669 ERROR: Error: OpenCV(4.7.0) D:\a\opencv-python\opencv-python\opencv\modules\imgproc\src\color.cpp:182: error: (-215:Assertion failed) !_src.empty() in function 'cv::cvtColor'
Traceback (most recent call last):
  File "c:\Users\Asc-user\Documents\YOLO\Y562_2PLCM\Qr代刚_0809\Y562_cam1.py", line 80, in startrun
    raw_list, image_list = steel_detect_1(frame)
                           ^^^^^^^^^^^^^^^^^^^^^
  File "c:\Users\Asc-user\Documents\YOLO\Y562_2PLCM\Qr代刚_0809\steel_rotate180.py", line 61, in steel_detect_1
    text, image_ = sid_detect(ro90)
                   ^^^^^^^^^^^^^^^^
  File "c:\Users\Asc-user\Documents\YOLO\Y562_2PLCM\Qr代刚_0809\sid_cam1.py", line 52, in sid_detect
    detections, width_ratio, height_ratio = darknet_helper(image, 352, 160)
                                            ^^^^^^^^^^^^^^^^^^^^^^^^^^^^^^^
  File "c:\Users\Asc-user\Documents\YOLO\Y562_2PLCM\Qr代刚_0809\sid_cam1.py", line 13, in darknet_helper
    img_rgb = cv2.cvtColor(image, cv2.COLOR_BGR2RGB)
              ^^^^^^^^^^^^^^^^^^^^^^^^^^^^^^^^^^^^^^
cv2.error: OpenCV(4.7.0) D:\a\opencv-python\opencv-python\opencv\modules\imgproc\src\color.cpp:182: error: (-215:Assertion failed) !_src.empty() in function 'cv::cvtColor'

2023-08-09 15:55:38,732 ERROR: Error: OpenCV(4.7.0) D:\a\opencv-python\opencv-python\opencv\modules\imgproc\src\color.cpp:182: error: (-215:Assertion failed) !_src.empty() in function 'cv::cvtColor'
Traceback (most recent call last):
  File "c:\Users\Asc-user\Documents\YOLO\Y562_2PLCM\Qr代刚_0809\Y562_cam1.py", line 80, in startrun
    raw_list, image_list = steel_detect_1(frame)
                           ^^^^^^^^^^^^^^^^^^^^^
  File "c:\Users\Asc-user\Documents\YOLO\Y562_2PLCM\Qr代刚_0809\steel_rotate180.py", line 61, in steel_detect_1
    text, image_ = sid_detect(ro90)
                   ^^^^^^^^^^^^^^^^
  File "c:\Users\Asc-user\Documents\YOLO\Y562_2PLCM\Qr代刚_0809\sid_cam1.py", line 52, in sid_detect
    detections, width_ratio, height_ratio = darknet_helper(image, 352, 160)
                                            ^^^^^^^^^^^^^^^^^^^^^^^^^^^^^^^
  File "c:\Users\Asc-user\Documents\YOLO\Y562_2PLCM\Qr代刚_0809\sid_cam1.py", line 13, in darknet_helper
    img_rgb = cv2.cvtColor(image, cv2.COLOR_BGR2RGB)
              ^^^^^^^^^^^^^^^^^^^^^^^^^^^^^^^^^^^^^^
cv2.error: OpenCV(4.7.0) D:\a\opencv-python\opencv-python\opencv\modules\imgproc\src\color.cpp:182: error: (-215:Assertion failed) !_src.empty() in function 'cv::cvtColor'

2023-08-09 15:55:38,779 ERROR: Error: OpenCV(4.7.0) D:\a\opencv-python\opencv-python\opencv\modules\imgproc\src\color.cpp:182: error: (-215:Assertion failed) !_src.empty() in function 'cv::cvtColor'
Traceback (most recent call last):
  File "c:\Users\Asc-user\Documents\YOLO\Y562_2PLCM\Qr代刚_0809\Y562_cam1.py", line 80, in startrun
    raw_list, image_list = steel_detect_1(frame)
                           ^^^^^^^^^^^^^^^^^^^^^
  File "c:\Users\Asc-user\Documents\YOLO\Y562_2PLCM\Qr代刚_0809\steel_rotate180.py", line 61, in steel_detect_1
    text, image_ = sid_detect(ro90)
                   ^^^^^^^^^^^^^^^^
  File "c:\Users\Asc-user\Documents\YOLO\Y562_2PLCM\Qr代刚_0809\sid_cam1.py", line 52, in sid_detect
    detections, width_ratio, height_ratio = darknet_helper(image, 352, 160)
                                            ^^^^^^^^^^^^^^^^^^^^^^^^^^^^^^^
  File "c:\Users\Asc-user\Documents\YOLO\Y562_2PLCM\Qr代刚_0809\sid_cam1.py", line 13, in darknet_helper
    img_rgb = cv2.cvtColor(image, cv2.COLOR_BGR2RGB)
              ^^^^^^^^^^^^^^^^^^^^^^^^^^^^^^^^^^^^^^
cv2.error: OpenCV(4.7.0) D:\a\opencv-python\opencv-python\opencv\modules\imgproc\src\color.cpp:182: error: (-215:Assertion failed) !_src.empty() in function 'cv::cvtColor'

2023-08-09 15:55:38,834 ERROR: Error: OpenCV(4.7.0) D:\a\opencv-python\opencv-python\opencv\modules\imgproc\src\color.cpp:182: error: (-215:Assertion failed) !_src.empty() in function 'cv::cvtColor'
Traceback (most recent call last):
  File "c:\Users\Asc-user\Documents\YOLO\Y562_2PLCM\Qr代刚_0809\Y562_cam1.py", line 80, in startrun
    raw_list, image_list = steel_detect_1(frame)
                           ^^^^^^^^^^^^^^^^^^^^^
  File "c:\Users\Asc-user\Documents\YOLO\Y562_2PLCM\Qr代刚_0809\steel_rotate180.py", line 61, in steel_detect_1
    text, image_ = sid_detect(ro90)
                   ^^^^^^^^^^^^^^^^
  File "c:\Users\Asc-user\Documents\YOLO\Y562_2PLCM\Qr代刚_0809\sid_cam1.py", line 52, in sid_detect
    detections, width_ratio, height_ratio = darknet_helper(image, 352, 160)
                                            ^^^^^^^^^^^^^^^^^^^^^^^^^^^^^^^
  File "c:\Users\Asc-user\Documents\YOLO\Y562_2PLCM\Qr代刚_0809\sid_cam1.py", line 13, in darknet_helper
    img_rgb = cv2.cvtColor(image, cv2.COLOR_BGR2RGB)
              ^^^^^^^^^^^^^^^^^^^^^^^^^^^^^^^^^^^^^^
cv2.error: OpenCV(4.7.0) D:\a\opencv-python\opencv-python\opencv\modules\imgproc\src\color.cpp:182: error: (-215:Assertion failed) !_src.empty() in function 'cv::cvtColor'

2023-08-09 15:55:38,882 ERROR: Error: OpenCV(4.7.0) D:\a\opencv-python\opencv-python\opencv\modules\imgproc\src\color.cpp:182: error: (-215:Assertion failed) !_src.empty() in function 'cv::cvtColor'
Traceback (most recent call last):
  File "c:\Users\Asc-user\Documents\YOLO\Y562_2PLCM\Qr代刚_0809\Y562_cam1.py", line 80, in startrun
    raw_list, image_list = steel_detect_1(frame)
                           ^^^^^^^^^^^^^^^^^^^^^
  File "c:\Users\Asc-user\Documents\YOLO\Y562_2PLCM\Qr代刚_0809\steel_rotate180.py", line 61, in steel_detect_1
    text, image_ = sid_detect(ro90)
                   ^^^^^^^^^^^^^^^^
  File "c:\Users\Asc-user\Documents\YOLO\Y562_2PLCM\Qr代刚_0809\sid_cam1.py", line 52, in sid_detect
    detections, width_ratio, height_ratio = darknet_helper(image, 352, 160)
                                            ^^^^^^^^^^^^^^^^^^^^^^^^^^^^^^^
  File "c:\Users\Asc-user\Documents\YOLO\Y562_2PLCM\Qr代刚_0809\sid_cam1.py", line 13, in darknet_helper
    img_rgb = cv2.cvtColor(image, cv2.COLOR_BGR2RGB)
              ^^^^^^^^^^^^^^^^^^^^^^^^^^^^^^^^^^^^^^
cv2.error: OpenCV(4.7.0) D:\a\opencv-python\opencv-python\opencv\modules\imgproc\src\color.cpp:182: error: (-215:Assertion failed) !_src.empty() in function 'cv::cvtColor'

2023-08-09 15:55:38,950 ERROR: Error: OpenCV(4.7.0) D:\a\opencv-python\opencv-python\opencv\modules\imgproc\src\color.cpp:182: error: (-215:Assertion failed) !_src.empty() in function 'cv::cvtColor'
Traceback (most recent call last):
  File "c:\Users\Asc-user\Documents\YOLO\Y562_2PLCM\Qr代刚_0809\Y562_cam1.py", line 80, in startrun
    raw_list, image_list = steel_detect_1(frame)
                           ^^^^^^^^^^^^^^^^^^^^^
  File "c:\Users\Asc-user\Documents\YOLO\Y562_2PLCM\Qr代刚_0809\steel_rotate180.py", line 61, in steel_detect_1
    text, image_ = sid_detect(ro90)
                   ^^^^^^^^^^^^^^^^
  File "c:\Users\Asc-user\Documents\YOLO\Y562_2PLCM\Qr代刚_0809\sid_cam1.py", line 52, in sid_detect
    detections, width_ratio, height_ratio = darknet_helper(image, 352, 160)
                                            ^^^^^^^^^^^^^^^^^^^^^^^^^^^^^^^
  File "c:\Users\Asc-user\Documents\YOLO\Y562_2PLCM\Qr代刚_0809\sid_cam1.py", line 13, in darknet_helper
    img_rgb = cv2.cvtColor(image, cv2.COLOR_BGR2RGB)
              ^^^^^^^^^^^^^^^^^^^^^^^^^^^^^^^^^^^^^^
cv2.error: OpenCV(4.7.0) D:\a\opencv-python\opencv-python\opencv\modules\imgproc\src\color.cpp:182: error: (-215:Assertion failed) !_src.empty() in function 'cv::cvtColor'

2023-08-09 15:55:39,009 ERROR: Error: OpenCV(4.7.0) D:\a\opencv-python\opencv-python\opencv\modules\imgproc\src\color.cpp:182: error: (-215:Assertion failed) !_src.empty() in function 'cv::cvtColor'
Traceback (most recent call last):
  File "c:\Users\Asc-user\Documents\YOLO\Y562_2PLCM\Qr代刚_0809\Y562_cam1.py", line 80, in startrun
    raw_list, image_list = steel_detect_1(frame)
                           ^^^^^^^^^^^^^^^^^^^^^
  File "c:\Users\Asc-user\Documents\YOLO\Y562_2PLCM\Qr代刚_0809\steel_rotate180.py", line 61, in steel_detect_1
    text, image_ = sid_detect(ro90)
                   ^^^^^^^^^^^^^^^^
  File "c:\Users\Asc-user\Documents\YOLO\Y562_2PLCM\Qr代刚_0809\sid_cam1.py", line 52, in sid_detect
    detections, width_ratio, height_ratio = darknet_helper(image, 352, 160)
                                            ^^^^^^^^^^^^^^^^^^^^^^^^^^^^^^^
  File "c:\Users\Asc-user\Documents\YOLO\Y562_2PLCM\Qr代刚_0809\sid_cam1.py", line 13, in darknet_helper
    img_rgb = cv2.cvtColor(image, cv2.COLOR_BGR2RGB)
              ^^^^^^^^^^^^^^^^^^^^^^^^^^^^^^^^^^^^^^
cv2.error: OpenCV(4.7.0) D:\a\opencv-python\opencv-python\opencv\modules\imgproc\src\color.cpp:182: error: (-215:Assertion failed) !_src.empty() in function 'cv::cvtColor'

2023-08-09 15:55:39,057 ERROR: Error: OpenCV(4.7.0) D:\a\opencv-python\opencv-python\opencv\modules\imgproc\src\color.cpp:182: error: (-215:Assertion failed) !_src.empty() in function 'cv::cvtColor'
Traceback (most recent call last):
  File "c:\Users\Asc-user\Documents\YOLO\Y562_2PLCM\Qr代刚_0809\Y562_cam1.py", line 80, in startrun
    raw_list, image_list = steel_detect_1(frame)
                           ^^^^^^^^^^^^^^^^^^^^^
  File "c:\Users\Asc-user\Documents\YOLO\Y562_2PLCM\Qr代刚_0809\steel_rotate180.py", line 61, in steel_detect_1
    text, image_ = sid_detect(ro90)
                   ^^^^^^^^^^^^^^^^
  File "c:\Users\Asc-user\Documents\YOLO\Y562_2PLCM\Qr代刚_0809\sid_cam1.py", line 52, in sid_detect
    detections, width_ratio, height_ratio = darknet_helper(image, 352, 160)
                                            ^^^^^^^^^^^^^^^^^^^^^^^^^^^^^^^
  File "c:\Users\Asc-user\Documents\YOLO\Y562_2PLCM\Qr代刚_0809\sid_cam1.py", line 13, in darknet_helper
    img_rgb = cv2.cvtColor(image, cv2.COLOR_BGR2RGB)
              ^^^^^^^^^^^^^^^^^^^^^^^^^^^^^^^^^^^^^^
cv2.error: OpenCV(4.7.0) D:\a\opencv-python\opencv-python\opencv\modules\imgproc\src\color.cpp:182: error: (-215:Assertion failed) !_src.empty() in function 'cv::cvtColor'

